[28 янв. 2024 г.:23.58.33.854253000] INFO : Пользователь testLogin успешно зарегистрировался.
[28 янв. 2024 г.:23.58.33.888253200] INFO : Пользователь testLogin сменил пароль.
[28 янв. 2024 г.:23.58.33.891253100] INFO : Пользователь testLogin прошел аутентификацию. 
[28 янв. 2024 г.:23.58.39.870649400] INFO : Пользователь testLogin получил актуальные показания.
[28 янв. 2024 г.:23.58.39.897650300] INFO : Пользователь testLogin получил показания за JANUARY
[28 янв. 2024 г.:23.58.39.904649200] INFO : Пользователь testLogin получил историю подачи показаний.
[28 янв. 2024 г.:23.58.39.910649100] INFO : Пользователь testLogin подал показания за JANUARY[29 янв. 2024 г.:00.22.56.279223000] INFO : Приложение запущено
[29 янв. 2024 г.:00.23.00.273439200] INFO : Пользователь login прошел аутентификацию. 
[29 янв. 2024 г.:00.23.04.872569200] INFO : Пользователь login подал показания за JANUARY
[29 янв. 2024 г.:00.23.06.675613400] INFO : Пользователь login получил актуальные показания.
[29 янв. 2024 г.:00.23.16.101733700] INFO : Пользователь login получил показания за JANUARY
[29 янв. 2024 г.:00.23.19.389676400] INFO : Пользователь login получил историю подачи показаний.
[29 янв. 2024 г.:00.23.27.804580900] INFO : Пользователь login сменил пароль.
[29 янв. 2024 г.:00.23.44.639538300] INFO : Приложение запущено
[1 февр. 2024 г.:13.01.36.565305200] INFO : Приложение запущено
[1 февр. 2024 г.:13.01.41.604224300] INFO : Пользователь admin прошел аутентификацию. 
[1 февр. 2024 г.:13.01.48.630648600] INFO : Завершение работы приложения
[1 февр. 2024 г.:13.02.04.293664200] INFO : Приложение запущено
[1 февр. 2024 г.:13.02.08.179300200] INFO : Пользователь admin прошел аутентификацию. 
[1 февр. 2024 г.:14.31.42.508055200] INFO : Пользователь testLogin получил актуальные показания.
[1 февр. 2024 г.:14.31.42.521056000] INFO : Пользователь testLogin получил показания за JANUARY
[1 февр. 2024 г.:14.31.42.549056700] INFO : Пользователь testLogin получил историю подачи показаний.
[1 февр. 2024 г.:14.31.42.553055700] INFO : Пользователь testLogin подал показания за JANUARY
[1 февр. 2024 г.:14.32.55.63179800] INFO : Пользователь testLogin подал показания за JANUARY
[1 февр. 2024 г.:14.33.24.331999800] INFO : Пользователь testLogin подал показания за JANUARY
[1 февр. 2024 г.:14.33.39.557713500] INFO : Пользователь testLogin подал показания за JANUARY
[1 февр. 2024 г.:14.34.33.493057200] INFO : Пользователь testLogin подал показания за JANUARY
[1 февр. 2024 г.:14.35.48.776708300] INFO : Пользователь testLogin подал показания за JANUARY
[1 февр. 2024 г.:14.36.08.107398700] INFO : Пользователь testLogin подал показания за JANUARY
[1 февр. 2024 г.:15.01.37.554318100] INFO : Пользователь testLogin сменил пароль.
[1 февр. 2024 г.:15.03.03.414872700] INFO : Пользователь testLogin сменил пароль.
[1 февр. 2024 г.:15.03.26.208576500] INFO : Пользователь testLogin успешно зарегистрировался.
[1 февр. 2024 г.:15.03.26.218577800] INFO : Пользователь testLogin сменил пароль.
[1 февр. 2024 г.:15.03.26.223578400] INFO : Пользователь testLogin прошел аутентификацию. 
[1 февр. 2024 г.:15.15.06.626957600] INFO : Пользователь testLogin успешно зарегистрировался.
[1 февр. 2024 г.:15.15.06.634958100] INFO : Пользователь testLogin сменил пароль.
[1 февр. 2024 г.:15.15.06.638958200] INFO : Пользователь testLogin прошел аутентификацию. 
[1 февр. 2024 г.:15.27.06.82706100] INFO : Приложение запущено
[1 февр. 2024 г.:15.27.11.478889700] INFO : Пользователь login прошел аутентификацию. 
[1 февр. 2024 г.:15.27.16.406443800] INFO : Пользователь login подал показания за JANUARY
[1 февр. 2024 г.:15.27.18.24680000] INFO : Пользователь login получил актуальные показания.
[1 февр. 2024 г.:15.27.38.681110100] INFO : Пользователь login получил актуальные показания.
[1 февр. 2024 г.:15.27.40.192125900] INFO : Пользователь login получил актуальные показания.
[1 февр. 2024 г.:15.27.41.48740700] INFO : Пользователь login получил актуальные показания.
[1 февр. 2024 г.:15.27.44.138751700] INFO : Пользователь login получил показания за JANUARY
[1 февр. 2024 г.:15.27.50.314337900] INFO : Пользователь login получил историю подачи показаний.
[1 февр. 2024 г.:15.28.43.606580400] INFO : Приложение запущено
[1 февр. 2024 г.:15.28.47.894780300] INFO : Пользователь login прошел аутентификацию. 
[1 февр. 2024 г.:15.28.52.309069200] INFO : Пользователь login подал показания за JANUARY
[1 февр. 2024 г.:15.28.54.642809700] INFO : Пользователь login получил историю подачи показаний.
[1 февр. 2024 г.:15.29.36.553455700] INFO : Пользователь login подал показания за FEBRUARY
[1 февр. 2024 г.:15.29.37.616749000] INFO : Пользователь login получил актуальные показания.
[1 февр. 2024 г.:15.29.40.121291600] INFO : Пользователь login получил показания за JANUARY
[1 февр. 2024 г.:15.29.44.42081100] INFO : Пользователь login получил показания за FEBRUARY
[1 февр. 2024 г.:15.29.47.464138400] INFO : Пользователь login получил историю подачи показаний.
[1 февр. 2024 г.:15.29.56.528917100] INFO : Пользователь login подал показания за JUNE
[1 февр. 2024 г.:15.29.57.649436000] INFO : Пользователь login получил актуальные показания.
[1 февр. 2024 г.:15.30.00.961225000] INFO : Пользователь login получил историю подачи показаний.
[1 февр. 2024 г.:15.30.05.856527000] INFO : Пользователь login получил показания за JUNE
[1 февр. 2024 г.:15.30.16.849338600] INFO : Пользователь login сменил пароль.
[1 февр. 2024 г.:15.30.21.72885900] INFO : Пользователь login вышел.
[1 февр. 2024 г.:15.30.26.592392300] INFO : Пользователь login прошел аутентификацию. 
[1 февр. 2024 г.:15.35.38.878913300] INFO : Приложение запущено
[1 февр. 2024 г.:15.35.43.861150400] INFO : Пользователь login прошел аутентификацию. 
[1 февр. 2024 г.:15.35.48.572383400] INFO : Пользователь login подал показания за JANUARY
[1 февр. 2024 г.:15.35.49.879887300] INFO : Пользователь login получил актуальные показания.
[1 февр. 2024 г.:15.35.57.681660800] INFO : Пользователь login получил показания за JANUARY
[1 февр. 2024 г.:15.36.05.88502300] INFO : Пользователь login получил историю подачи показаний.
[1 февр. 2024 г.:15.37.10.464125300] INFO : Пользователь login вышел.
[1 февр. 2024 г.:15.37.10.776127700] INFO : Завершение работы приложения
[1 февр. 2024 г.:15.37.13.806365000] INFO : Приложение запущено
[1 февр. 2024 г.:15.37.17.197074300] INFO : Пользователь login прошел аутентификацию. 
[1 февр. 2024 г.:15.43.43.3935300] INFO : Пользователь login подал показания за JANUARY
[1 февр. 2024 г.:15.43.44.135186600] INFO : Пользователь login получил актуальные показания.
[1 февр. 2024 г.:15.43.51.455496200] INFO : Пользователь login вышел.
[1 февр. 2024 г.:15.43.57.407494500] INFO : Пользователь admin прошел аутентификацию. 
[1 февр. 2024 г.:15.44.11.448174600] INFO : Админ выбрал пользователя: login
[1 февр. 2024 г.:15.44.11.449174300] INFO : Пользователь login получил историю подачи показаний.
[1 февр. 2024 г.:15.44.51.463485100] INFO : Админ выбрал пользователя: admin
[1 февр. 2024 г.:15.45.25.502449000] INFO : Приложение запущено
[1 февр. 2024 г.:15.45.31.596283900] INFO : Пользователь login прошел аутентификацию. 
[1 февр. 2024 г.:15.45.35.835811100] INFO : Пользователь login подал показания за JANUARY
[1 февр. 2024 г.:15.45.40.655109500] INFO : Пользователь login подал показания за FEBRUARY
[1 февр. 2024 г.:15.45.42.175387200] INFO : Пользователь login вышел.
[1 февр. 2024 г.:15.45.45.751673000] INFO : Пользователь admin прошел аутентификацию. 
[1 февр. 2024 г.:15.45.49.879955000] INFO : Админ выбрал пользователя: login
[1 февр. 2024 г.:15.45.49.881955600] INFO : Пользователь login получил историю подачи показаний.
[1 февр. 2024 г.:15.45.56.823771800] INFO : Админ выбрал пользователя: admin
[1 февр. 2024 г.:15.46.06.551893700] INFO : Пользователь user успешно зарегистрировался.
[1 февр. 2024 г.:15.46.10.287388400] INFO : Пользователь user прошел аутентификацию. 
[1 февр. 2024 г.:15.46.20.806837300] INFO : Пользователь user подал показания за MARCH
[1 февр. 2024 г.:15.46.22.855280500] INFO : Пользователь user получил актуальные показания.
[1 февр. 2024 г.:15.46.26.751812900] INFO : Пользователь user получил историю подачи показаний.
[1 февр. 2024 г.:15.46.29.191091900] INFO : Пользователь user вышел.
[1 февр. 2024 г.:15.46.33.342850400] INFO : Пользователь admin прошел аутентификацию. 
[1 февр. 2024 г.:15.46.36.407620500] INFO : Админ выбрал пользователя: user
[1 февр. 2024 г.:15.46.36.407620500] INFO : Пользователь user получил историю подачи показаний.
[1 февр. 2024 г.:15.46.39.631414100] INFO : Админ выбрал пользователя: login
[1 февр. 2024 г.:15.46.39.631414100] INFO : Пользователь login получил историю подачи показаний.
[1 февр. 2024 г.:15.46.42.31714100] INFO : Завершение работы приложения
